<?xml version="1.0" encoding="UTF-8"?>
<!-- Generated by org.testng.reporters.JUnitReportReporter -->
<testsuite hostname="PQA-0327LT" name="example.NewTest" tests="1" failures="0" timestamp="15 Aug 2016 16:09:32 GMT" time="4.401" errors="0">
  <testcase name="testEasy" time="4.401" classname="example.NewTest"/>
</testsuite> <!-- example.NewTest -->
