<?xml version="1.0" encoding="UTF-8"?>
<!-- Generated by org.testng.reporters.JUnitReportReporter -->
<testsuite hostname="PQA-0327LT" name="TestSuite1.StartBrowserWithParameter" tests="2" failures="0" timestamp="18 Aug 2016 00:07:26 GMT" time="43.193" errors="0">
  <testcase name="testEasy" time="12.502" classname="TestSuite1.StartBrowserWithParameter"/>
  <testcase name="testEasy" time="30.691" classname="TestSuite1.StartBrowserWithParameter"/>
</testsuite> <!-- TestSuite1.StartBrowserWithParameter -->
