<?xml version="1.0" encoding="UTF-8"?>
<!-- Generated by org.testng.reporters.JUnitReportReporter -->
<testsuite hostname="PQA-0327LT" name="example.Firefoxcase" tests="1" failures="0" timestamp="18 Aug 2016 00:07:26 GMT" time="2.774" errors="0">
  <testcase name="testFirefoxcase" time="2.774" classname="example.Firefoxcase"/>
</testsuite> <!-- example.Firefoxcase -->
