<?xml version="1.0" encoding="UTF-8"?>
<!-- Generated by org.testng.reporters.JUnitReportReporter -->
<testsuite hostname="PQA-0327LT" name="example.Firefoxcase" tests="1" failures="0" timestamp="12 Aug 2016 17:46:13 GMT" time="11.576" errors="0">
  <testcase name="testFirefoxcase" time="11.576" classname="example.Firefoxcase"/>
</testsuite> <!-- example.Firefoxcase -->
