<?xml version="1.0" encoding="UTF-8"?>
<!-- Generated by org.testng.reporters.JUnitReportReporter -->
<testsuite hostname="PQA-0327LT" name="example.Firefoxcase" tests="1" failures="0" timestamp="17 Aug 2016 17:16:17 GMT" time="5.117" errors="0">
  <testcase name="testFirefoxcase" time="5.117" classname="example.Firefoxcase"/>
</testsuite> <!-- example.Firefoxcase -->
