<?xml version="1.0" encoding="UTF-8"?>
<!-- Generated by org.testng.reporters.JUnitReportReporter -->
<testsuite hostname="PQA-0327LT" name="TestSuite1.StartBrowserWithParameter" tests="2" failures="0" timestamp="17 Aug 2016 17:16:17 GMT" time="54.862" errors="0">
  <testcase name="testEasy" time="13.176" classname="TestSuite1.StartBrowserWithParameter"/>
  <testcase name="testEasy" time="41.686" classname="TestSuite1.StartBrowserWithParameter"/>
</testsuite> <!-- TestSuite1.StartBrowserWithParameter -->
