<?xml version="1.0" encoding="UTF-8"?>
<!-- Generated by org.testng.reporters.JUnitReportReporter -->
<testsuite hostname="PQA-0327LT" name="example.NewTest" tests="1" failures="0" timestamp="12 Aug 2016 17:46:13 GMT" time="3.482" errors="0">
  <testcase name="testEasy" time="3.482" classname="example.NewTest"/>
</testsuite> <!-- example.NewTest -->
