<?xml version="1.0" encoding="UTF-8"?>
<!-- Generated by org.testng.reporters.JUnitReportReporter -->
<testsuite hostname="PQA-0327LT" name="example.NewTest" tests="1" failures="0" timestamp="18 Aug 2016 00:07:26 GMT" time="4.810" errors="0">
  <testcase name="testEasy" time="4.810" classname="example.NewTest"/>
</testsuite> <!-- example.NewTest -->
