<?xml version="1.0" encoding="UTF-8"?>
<!-- Generated by org.testng.reporters.JUnitReportReporter -->
<testsuite hostname="PQA-0327LT" name="example.IEcase" tests="1" failures="0" timestamp="18 Aug 2016 00:07:26 GMT" time="0.294" errors="0">
  <testcase name="testEasy" time="0.294" classname="example.IEcase"/>
</testsuite> <!-- example.IEcase -->
