<?xml version="1.0" encoding="UTF-8"?>
<!-- Generated by org.testng.reporters.JUnitReportReporter -->
<testsuite hostname="PQA-0327LT" name="TestSuite1.StartBrowserWithParameter" tests="1" failures="0" timestamp="15 Aug 2016 16:00:14 GMT" time="52.624" errors="0">
  <testcase name="testEasy" time="52.624" classname="TestSuite1.StartBrowserWithParameter"/>
</testsuite> <!-- TestSuite1.StartBrowserWithParameter -->
