<?xml version="1.0" encoding="UTF-8"?>
<!-- Generated by org.testng.reporters.JUnitReportReporter -->
<testsuite hostname="PQA-0327LT" name="TestSuite1.StartBrowserWithParameter" tests="2" failures="0" timestamp="17 Aug 2016 17:11:34 GMT" time="43.462" errors="0">
  <testcase name="testEasy" time="39.688" classname="TestSuite1.StartBrowserWithParameter"/>
  <testcase name="testEasy" time="3.774" classname="TestSuite1.StartBrowserWithParameter"/>
</testsuite> <!-- TestSuite1.StartBrowserWithParameter -->
