<?xml version="1.0" encoding="UTF-8"?>
<!-- Generated by org.testng.reporters.JUnitReportReporter -->
<testsuite hostname="PC201510111103" name="example.NewTest" tests="1" failures="0" timestamp="14 Aug 2016 21:43:53 GMT" time="1.775" errors="0">
  <testcase name="testEasy" time="1.775" classname="example.NewTest"/>
</testsuite> <!-- example.NewTest -->
