<?xml version="1.0" encoding="UTF-8"?>
<!-- Generated by org.testng.reporters.JUnitReportReporter -->
<testsuite hostname="PQA-0327LT" name="TestSuite1.RanorexTestCase" tests="1" failures="0" timestamp="29 Aug 2016 20:27:11 GMT" time="87.028" errors="0">
  <testcase name="testRanorexTestCase" time="87.028" classname="TestSuite1.RanorexTestCase"/>
</testsuite> <!-- TestSuite1.RanorexTestCase -->
