<?xml version="1.0" encoding="UTF-8"?>
<!-- Generated by org.testng.reporters.JUnitReportReporter -->
<testsuite hostname="PC201510111103" name="TestSuite1.StartBrowserWithParameter" tests="1" failures="0" timestamp="14 Aug 2016 22:59:59 GMT" time="15.721" errors="0">
  <testcase name="testEasy" time="15.721" classname="TestSuite1.StartBrowserWithParameter"/>
</testsuite> <!-- TestSuite1.StartBrowserWithParameter -->
