<?xml version="1.0" encoding="UTF-8"?>
<!-- Generated by org.testng.reporters.JUnitReportReporter -->
<testsuite hostname="PQA-0327LT" name="example.NewTest" tests="1" failures="0" timestamp="17 Aug 2016 17:11:34 GMT" time="3.629" errors="0">
  <testcase name="testEasy" time="3.629" classname="example.NewTest"/>
</testsuite> <!-- example.NewTest -->
