<?xml version="1.0" encoding="UTF-8"?>
<!-- Generated by org.testng.reporters.JUnitReportReporter -->
<testsuite hostname="PQA-0327LT" name="example.IEcase" tests="1" failures="0" timestamp="17 Aug 2016 17:17:11 GMT" time="0.156" errors="0">
  <testcase name="testEasy" time="0.156" classname="example.IEcase"/>
</testsuite> <!-- example.IEcase -->
