<?xml version="1.0" encoding="UTF-8"?>
<!-- Generated by org.testng.reporters.JUnitReportReporter -->
<testsuite hostname="PQA-0327LT" name="example.Firefoxcase" tests="1" failures="0" timestamp="17 Aug 2016 17:14:53 GMT" time="1.503" errors="0">
  <testcase name="testFirefoxcase" time="1.503" classname="example.Firefoxcase"/>
</testsuite> <!-- example.Firefoxcase -->
